<?xml version="1.0" encoding="UTF-8"?>
<!-- Generated by org.testng.reporters.JUnitXMLReporter -->
<testsuite ignored="0" hostname="DESKTOP-L4S0S29" failures="1" tests="3" name="new orbit dashboard Test" time="123.075" errors="0" timestamp="2025-03-12T16:25:16 IST">
  <testcase classname="com.qa.neworbit.tests.DashboardPageTest" name="NavigateToDashboardPage" time="0.0">
    <skipped/>
  </testcase> <!-- NavigateToDashboardPage -->
  <testcase classname="com.qa.neworbit.tests.DashboardPageTest" name="TitleverifyDashboard" time="0.0">
    <skipped/>
  </testcase> <!-- TitleverifyDashboard -->
  <testcase classname="com.qa.neworbit.tests.DashboardPageTest" name="Dosearch" time="31.325">
    <failure type="com.microsoft.playwright.TimeoutError" message="Error {
  message=&amp;apos;Timeout 30000ms exceeded.
  name=&amp;apos;TimeoutError
  stack=&amp;apos;TimeoutError: Timeout 30000ms exceeded.
    at ProgressController.run (C:\Users\GRN\AppData\Local\Temp\playwright-java-8520925164924617238\package\lib\server\progress.js:78:26)
    at Page.screenshot (C:\Users\GRN\AppData\Local\Temp\playwright-java-8520925164924617238\package\lib\server\page.js:491:23)
    at PageDispatcher.screenshot (C:\Users\GRN\AppData\Local\Temp\playwright-java-8520925164924617238\package\lib\server\dispatchers\pageDispatcher.js:204:32)
    at PageDispatcher._handleCommand (C:\Users\GRN\AppData\Local\Temp\playwright-java-8520925164924617238\package\lib\server\dispatchers\dispatcher.js:94:40)
    at DispatcherConnection.dispatch (C:\Users\GRN\AppData\Local\Temp\playwright-java-8520925164924617238\package\lib\server\dispatchers\dispatcher.js:361:39)
}
Call log:
- taking page screenshot
- waiting for fonts to load...
- fonts loaded
">
      <![CDATA[com.microsoft.playwright.TimeoutError: Error {
  message='Timeout 30000ms exceeded.
  name='TimeoutError
  stack='TimeoutError: Timeout 30000ms exceeded.
    at ProgressController.run (C:\Users\GRN\AppData\Local\Temp\playwright-java-8520925164924617238\package\lib\server\progress.js:78:26)
    at Page.screenshot (C:\Users\GRN\AppData\Local\Temp\playwright-java-8520925164924617238\package\lib\server\page.js:491:23)
    at PageDispatcher.screenshot (C:\Users\GRN\AppData\Local\Temp\playwright-java-8520925164924617238\package\lib\server\dispatchers\pageDispatcher.js:204:32)
    at PageDispatcher._handleCommand (C:\Users\GRN\AppData\Local\Temp\playwright-java-8520925164924617238\package\lib\server\dispatchers\dispatcher.js:94:40)
    at DispatcherConnection.dispatch (C:\Users\GRN\AppData\Local\Temp\playwright-java-8520925164924617238\package\lib\server\dispatchers\dispatcher.js:361:39)
}
Call log:
- taking page screenshot
- waiting for fonts to load...
- fonts loaded

at com.microsoft.playwright.impl.WaitableResult.get(WaitableResult.java:52)
at com.microsoft.playwright.impl.ChannelOwner.runUntil(ChannelOwner.java:120)
at com.microsoft.playwright.impl.Connection.sendMessage(Connection.java:130)
at com.microsoft.playwright.impl.ChannelOwner.sendMessage(ChannelOwner.java:106)
at com.microsoft.playwright.impl.PageImpl.screenshotImpl(PageImpl.java:1190)
at com.microsoft.playwright.impl.PageImpl.lambda$screenshot$66(PageImpl.java:1134)
at com.microsoft.playwright.impl.LoggingSupport.withLogging(LoggingSupport.java:47)
at com.microsoft.playwright.impl.ChannelOwner.withLogging(ChannelOwner.java:89)
at com.microsoft.playwright.impl.PageImpl.screenshot(PageImpl.java:1134)
at com.qa.neworbit.factory.PlaywrightFactory.takeScreenshot(PlaywrightFactory.java:123)
at com.qa.neworbit.listeners.ExtentReportListener.onTestSkipped(ExtentReportListener.java:109)
at org.testng.internal.TestListenerHelper.runTestListeners(TestListenerHelper.java:99)
at org.testng.internal.invokers.TestInvoker.runTestResultListener(TestInvoker.java:263)
at org.testng.internal.invokers.TestInvoker.invokeListenersForSkippedTestResult(TestInvoker.java:501)
at org.testng.internal.invokers.TestInvoker.invokeMethod(TestInvoker.java:599)
at org.testng.internal.invokers.TestInvoker.invokeTestMethod(TestInvoker.java:228)
at org.testng.internal.invokers.MethodRunner.runInSequence(MethodRunner.java:63)
at org.testng.internal.invokers.TestInvoker$MethodInvocationAgent.invoke(TestInvoker.java:961)
at org.testng.internal.invokers.TestInvoker.invokeTestMethods(TestInvoker.java:201)
at org.testng.internal.invokers.TestMethodWorker.invokeTestMethods(TestMethodWorker.java:148)
at org.testng.internal.invokers.TestMethodWorker.run(TestMethodWorker.java:128)
at java.base/java.util.ArrayList.forEach(ArrayList.java:1511)
at org.testng.TestRunner.privateRun(TestRunner.java:819)
at org.testng.TestRunner.run(TestRunner.java:619)
at org.testng.SuiteRunner.runTest(SuiteRunner.java:443)
at org.testng.SuiteRunner$SuiteWorker.run(SuiteRunner.java:481)
at org.testng.internal.thread.ThreadUtil.lambda$execute$0(ThreadUtil.java:58)
at java.base/java.util.concurrent.FutureTask.run(FutureTask.java:264)
at java.base/java.util.concurrent.ThreadPoolExecutor.runWorker(ThreadPoolExecutor.java:1136)
at java.base/java.util.concurrent.ThreadPoolExecutor$Worker.run(ThreadPoolExecutor.java:635)
at java.base/java.lang.Thread.run(Thread.java:833)
Caused by: com.microsoft.playwright.TimeoutError: Error {
  message='Timeout 30000ms exceeded.
  name='TimeoutError
  stack='TimeoutError: Timeout 30000ms exceeded.
    at ProgressController.run (C:\Users\GRN\AppData\Local\Temp\playwright-java-8520925164924617238\package\lib\server\progress.js:78:26)
    at Page.screenshot (C:\Users\GRN\AppData\Local\Temp\playwright-java-8520925164924617238\package\lib\server\page.js:491:23)
    at PageDispatcher.screenshot (C:\Users\GRN\AppData\Local\Temp\playwright-java-8520925164924617238\package\lib\server\dispatchers\pageDispatcher.js:204:32)
    at PageDispatcher._handleCommand (C:\Users\GRN\AppData\Local\Temp\playwright-java-8520925164924617238\package\lib\server\dispatchers\dispatcher.js:94:40)
    at DispatcherConnection.dispatch (C:\Users\GRN\AppData\Local\Temp\playwright-java-8520925164924617238\package\lib\server\dispatchers\dispatcher.js:361:39)
}
Call log:
- taking page screenshot
- waiting for fonts to load...
- fonts loaded

at com.microsoft.playwright.impl.Connection.dispatch(Connection.java:254)
at com.microsoft.playwright.impl.Connection.processOneMessage(Connection.java:211)
at com.microsoft.playwright.impl.ChannelOwner.runUntil(ChannelOwner.java:118)
... 29 more
]]>
    </failure>
  </testcase> <!-- Dosearch -->
</testsuite> <!-- new orbit dashboard Test -->
