<?xml version="1.0" encoding="UTF-8"?>
<!-- Generated by org.testng.reporters.JUnitXMLReporter -->
<testsuite ignored="0" hostname="DESKTOP-L4S0S29" failures="0" tests="3" name="Test" time="174.067" errors="0" timestamp="2025-02-25T23:07:04 IST">
  <testcase classname="com.qa.neworbit.tests.SearchResultPageTest" name="navigate" time="78.767"/>
  <testcase classname="com.qa.neworbit.tests.SearchResultPageTest" name="titleverify" time="0.055"/>
  <testcase classname="com.qa.neworbit.tests.SearchResultPageTest" name="hotelcount" time="35.036"/>
</testsuite> <!-- Test -->
