<?xml version="1.0" encoding="UTF-8"?>
<!-- Generated by org.testng.reporters.JUnitXMLReporter -->
<testsuite ignored="0" hostname="DESKTOP-L4S0S29" failures="0" tests="5" name="Default test" time="187.539" errors="0" timestamp="2025-10-09T11:34:30 IST">
  <testcase classname="com.qa.neworbit.tests.HotelAlldetailPageTest" name="navigate" time="102.972"/>
  <testcase classname="com.qa.neworbit.tests.HotelAlldetailPageTest" name="titleverify" time="0.01"/>
  <testcase classname="com.qa.neworbit.tests.HotelAlldetailPageTest" name="roomcount" time="5.062"/>
  <testcase classname="com.qa.neworbit.tests.HotelAlldetailPageTest" name="lowestroomselection" time="0.118"/>
  <testcase classname="com.qa.neworbit.tests.HotelAlldetailPageTest" name="hotelbooking" time="54.958"/>
</testsuite> <!-- Default test -->
