<?xml version="1.0" encoding="UTF-8"?>
<testng-results ignored="0" total="5" passed="4" failed="1" skipped="0">
  <reporter-output>
  </reporter-output>
  <suite started-at="2025-10-16T15:52:43 IST" name="Default suite" finished-at="2025-10-16T15:55:37 IST" duration-ms="173576">
    <groups>
    </groups>
    <test started-at="2025-10-16T15:52:43 IST" name="Default test" finished-at="2025-10-16T15:55:37 IST" duration-ms="173576">
      <class name="com.qa.neworbit.tests.HotelAlldetailPageTest">
        <test-method is-config="true" signature="setup()[pri:0, instance:com.qa.neworbit.tests.HotelAlldetailPageTest@55b699ef]" started-at="2025-10-16T15:52:43 IST" name="setup" finished-at="2025-10-16T15:53:17 IST" duration-ms="34353" status="PASS">
          <reporter-output>
          </reporter-output>
        </test-method> <!-- setup -->
        <test-method signature="navigate()[pri:1, instance:com.qa.neworbit.tests.HotelAlldetailPageTest@55b699ef]" started-at="2025-10-16T15:53:17 IST" name="navigate" finished-at="2025-10-16T15:54:37 IST" duration-ms="79289" status="PASS">
          <reporter-output>
          </reporter-output>
        </test-method> <!-- navigate -->
        <test-method signature="titleverify()[pri:2, instance:com.qa.neworbit.tests.HotelAlldetailPageTest@55b699ef]" started-at="2025-10-16T15:54:37 IST" name="titleverify" finished-at="2025-10-16T15:54:37 IST" duration-ms="21" status="PASS">
          <reporter-output>
          </reporter-output>
        </test-method> <!-- titleverify -->
        <test-method signature="roomcount()[pri:3, instance:com.qa.neworbit.tests.HotelAlldetailPageTest@55b699ef]" started-at="2025-10-16T15:54:37 IST" name="roomcount" finished-at="2025-10-16T15:54:42 IST" duration-ms="5085" status="PASS">
          <reporter-output>
          </reporter-output>
        </test-method> <!-- roomcount -->
        <test-method signature="lowestroomselection()[pri:4, instance:com.qa.neworbit.tests.HotelAlldetailPageTest@55b699ef]" started-at="2025-10-16T15:54:42 IST" name="lowestroomselection" finished-at="2025-10-16T15:54:42 IST" duration-ms="172" status="PASS">
          <reporter-output>
          </reporter-output>
        </test-method> <!-- lowestroomselection -->
        <test-method signature="hotelbooking()[pri:5, instance:com.qa.neworbit.tests.HotelAlldetailPageTest@55b699ef]" started-at="2025-10-16T15:54:42 IST" name="hotelbooking" finished-at="2025-10-16T15:55:36 IST" duration-ms="53520" status="FAIL">
          <exception class="com.microsoft.playwright.impl.TargetClosedError">
            <message>
              <![CDATA[Error {
  message='Target page, context or browser has been closed
  name='TargetClosedError
  stack='TargetClosedError:Target page, context or browser has been closed
Error
    at captureRawStack (C:\Users\GRN\AppData\Local\Temp\playwright-java-17133225133562832170\package\lib\utils\stackTrace.js:49:17)
    at LongStandingScope._race (C:\Users\GRN\AppData\Local\Temp\playwright-java-17133225133562832170\package\lib\utils\manualPromise.js:91:52)
    at LongStandingScope.race (C:\Users\GRN\AppData\Local\Temp\playwright-java-17133225133562832170\package\lib\utils\manualPromise.js:84:17)
    at C:\Users\GRN\AppData\Local\Temp\playwright-java-17133225133562832170\package\lib\utils\manualPromise.js:81:43
    at Array.map (<anonymous>)
    at LongStandingScope.raceMultiple (C:\Users\GRN\AppData\Local\Temp\playwright-java-17133225133562832170\package\lib\utils\manualPromise.js:81:32)
    at Frame.retryWithProgressAndTimeouts (C:\Users\GRN\AppData\Local\Temp\playwright-java-17133225133562832170\package\lib\server\frames.js:919:40)
    at async C:\Users\GRN\AppData\Local\Temp\playwright-java-17133225133562832170\package\lib\server\frames.js:1008:29
    at async ProgressController.run (C:\Users\GRN\AppData\Local\Temp\playwright-java-17133225133562832170\package\lib\server\progress.js:82:22)
    at async FrameDispatcher.click (C:\Users\GRN\AppData\Local\Temp\playwright-java-17133225133562832170\package\lib\server\dispatchers\frameDispatcher.js:157:12)
    at async LongStandingScope._race (C:\Users\GRN\AppData\Local\Temp\playwright-java-17133225133562832170\package\lib\utils\manualPromise.js:96:14)
    at async FrameDispatcher._handleCommand (C:\Users\GRN\AppData\Local\Temp\playwright-java-17133225133562832170\package\lib\server\dispatchers\dispatcher.js:96:14)
    at async DispatcherConnection.dispatch (C:\Users\GRN\AppData\Local\Temp\playwright-java-17133225133562832170\package\lib\server\dispatchers\dispatcher.js:361:22)
}
Call log:
- waiting for locator("//button[@class='ant-btn css-1odpy5d ant-btn-link ant-btn-color-link ant-btn-variant-link validate-pan-btn display-inline-block grn-common-btn']")
]]>
            </message>
            <full-stacktrace>
              <![CDATA[com.microsoft.playwright.impl.TargetClosedError: Error {
  message='Target page, context or browser has been closed
  name='TargetClosedError
  stack='TargetClosedError:Target page, context or browser has been closed
Error
    at captureRawStack (C:\Users\GRN\AppData\Local\Temp\playwright-java-17133225133562832170\package\lib\utils\stackTrace.js:49:17)
    at LongStandingScope._race (C:\Users\GRN\AppData\Local\Temp\playwright-java-17133225133562832170\package\lib\utils\manualPromise.js:91:52)
    at LongStandingScope.race (C:\Users\GRN\AppData\Local\Temp\playwright-java-17133225133562832170\package\lib\utils\manualPromise.js:84:17)
    at C:\Users\GRN\AppData\Local\Temp\playwright-java-17133225133562832170\package\lib\utils\manualPromise.js:81:43
    at Array.map (<anonymous>)
    at LongStandingScope.raceMultiple (C:\Users\GRN\AppData\Local\Temp\playwright-java-17133225133562832170\package\lib\utils\manualPromise.js:81:32)
    at Frame.retryWithProgressAndTimeouts (C:\Users\GRN\AppData\Local\Temp\playwright-java-17133225133562832170\package\lib\server\frames.js:919:40)
    at async C:\Users\GRN\AppData\Local\Temp\playwright-java-17133225133562832170\package\lib\server\frames.js:1008:29
    at async ProgressController.run (C:\Users\GRN\AppData\Local\Temp\playwright-java-17133225133562832170\package\lib\server\progress.js:82:22)
    at async FrameDispatcher.click (C:\Users\GRN\AppData\Local\Temp\playwright-java-17133225133562832170\package\lib\server\dispatchers\frameDispatcher.js:157:12)
    at async LongStandingScope._race (C:\Users\GRN\AppData\Local\Temp\playwright-java-17133225133562832170\package\lib\utils\manualPromise.js:96:14)
    at async FrameDispatcher._handleCommand (C:\Users\GRN\AppData\Local\Temp\playwright-java-17133225133562832170\package\lib\server\dispatchers\dispatcher.js:96:14)
    at async DispatcherConnection.dispatch (C:\Users\GRN\AppData\Local\Temp\playwright-java-17133225133562832170\package\lib\server\dispatchers\dispatcher.js:361:22)
}
Call log:
- waiting for locator("//button[@class='ant-btn css-1odpy5d ant-btn-link ant-btn-color-link ant-btn-variant-link validate-pan-btn display-inline-block grn-common-btn']")

at com.microsoft.playwright.impl.WaitableResult.get(WaitableResult.java:54)
at com.microsoft.playwright.impl.ChannelOwner.runUntil(ChannelOwner.java:120)
at com.microsoft.playwright.impl.Connection.sendMessage(Connection.java:130)
at com.microsoft.playwright.impl.ChannelOwner.sendMessage(ChannelOwner.java:106)
at com.microsoft.playwright.impl.FrameImpl.clickImpl(FrameImpl.java:252)
at com.microsoft.playwright.impl.PageImpl.lambda$click$18(PageImpl.java:682)
at com.microsoft.playwright.impl.LoggingSupport.lambda$withLogging$0(LoggingSupport.java:36)
at com.microsoft.playwright.impl.LoggingSupport.withLogging(LoggingSupport.java:47)
at com.microsoft.playwright.impl.ChannelOwner.withLogging(ChannelOwner.java:89)
at com.microsoft.playwright.impl.LoggingSupport.withLogging(LoggingSupport.java:35)
at com.microsoft.playwright.impl.PageImpl.click(PageImpl.java:681)
at com.microsoft.playwright.Page.click(Page.java:3902)
at com.qa.neworbit.pages.HotelAlldetailPage.booking(HotelAlldetailPage.java:106)
at com.qa.neworbit.tests.HotelAlldetailPageTest.hotelbooking(HotelAlldetailPageTest.java:42)
at java.base/jdk.internal.reflect.DirectMethodHandleAccessor.invoke(DirectMethodHandleAccessor.java:103)
at java.base/java.lang.reflect.Method.invoke(Method.java:580)
at org.testng.internal.invokers.MethodInvocationHelper.invokeMethod(MethodInvocationHelper.java:139)
at org.testng.internal.invokers.TestInvoker.invokeMethod(TestInvoker.java:664)
at org.testng.internal.invokers.TestInvoker.invokeTestMethod(TestInvoker.java:228)
at org.testng.internal.invokers.MethodRunner.runInSequence(MethodRunner.java:63)
at org.testng.internal.invokers.TestInvoker$MethodInvocationAgent.invoke(TestInvoker.java:961)
at org.testng.internal.invokers.TestInvoker.invokeTestMethods(TestInvoker.java:201)
at org.testng.internal.invokers.TestMethodWorker.invokeTestMethods(TestMethodWorker.java:148)
at org.testng.internal.invokers.TestMethodWorker.run(TestMethodWorker.java:128)
at java.base/java.util.ArrayList.forEach(ArrayList.java:1596)
at org.testng.TestRunner.privateRun(TestRunner.java:819)
at org.testng.TestRunner.run(TestRunner.java:619)
at org.testng.SuiteRunner.runTest(SuiteRunner.java:443)
at org.testng.SuiteRunner.runSequentially(SuiteRunner.java:437)
at org.testng.SuiteRunner.privateRun(SuiteRunner.java:397)
at org.testng.SuiteRunner.run(SuiteRunner.java:336)
at org.testng.SuiteRunnerWorker.runSuite(SuiteRunnerWorker.java:52)
at org.testng.SuiteRunnerWorker.run(SuiteRunnerWorker.java:95)
at org.testng.TestNG.runSuitesSequentially(TestNG.java:1301)
at org.testng.TestNG.runSuitesLocally(TestNG.java:1228)
at org.testng.TestNG.runSuites(TestNG.java:1134)
at org.testng.TestNG.run(TestNG.java:1101)
at org.testng.remote.AbstractRemoteTestNG.run(AbstractRemoteTestNG.java:115)
at org.testng.remote.RemoteTestNG.initAndRun(RemoteTestNG.java:293)
at org.testng.remote.RemoteTestNG.main(RemoteTestNG.java:91)
Caused by: com.microsoft.playwright.impl.TargetClosedError: Error {
  message='Target page, context or browser has been closed
  name='TargetClosedError
  stack='TargetClosedError:Target page, context or browser has been closed
Error
    at captureRawStack (C:\Users\GRN\AppData\Local\Temp\playwright-java-17133225133562832170\package\lib\utils\stackTrace.js:49:17)
    at LongStandingScope._race (C:\Users\GRN\AppData\Local\Temp\playwright-java-17133225133562832170\package\lib\utils\manualPromise.js:91:52)
    at LongStandingScope.race (C:\Users\GRN\AppData\Local\Temp\playwright-java-17133225133562832170\package\lib\utils\manualPromise.js:84:17)
    at C:\Users\GRN\AppData\Local\Temp\playwright-java-17133225133562832170\package\lib\utils\manualPromise.js:81:43
    at Array.map (<anonymous>)
    at LongStandingScope.raceMultiple (C:\Users\GRN\AppData\Local\Temp\playwright-java-17133225133562832170\package\lib\utils\manualPromise.js:81:32)
    at Frame.retryWithProgressAndTimeouts (C:\Users\GRN\AppData\Local\Temp\playwright-java-17133225133562832170\package\lib\server\frames.js:919:40)
    at async C:\Users\GRN\AppData\Local\Temp\playwright-java-17133225133562832170\package\lib\server\frames.js:1008:29
    at async ProgressController.run (C:\Users\GRN\AppData\Local\Temp\playwright-java-17133225133562832170\package\lib\server\progress.js:82:22)
    at async FrameDispatcher.click (C:\Users\GRN\AppData\Local\Temp\playwright-java-17133225133562832170\package\lib\server\dispatchers\frameDispatcher.js:157:12)
    at async LongStandingScope._race (C:\Users\GRN\AppData\Local\Temp\playwright-java-17133225133562832170\package\lib\utils\manualPromise.js:96:14)
    at async FrameDispatcher._handleCommand (C:\Users\GRN\AppData\Local\Temp\playwright-java-17133225133562832170\package\lib\server\dispatchers\dispatcher.js:96:14)
    at async DispatcherConnection.dispatch (C:\Users\GRN\AppData\Local\Temp\playwright-java-17133225133562832170\package\lib\server\dispatchers\dispatcher.js:361:22)
}
Call log:
- waiting for locator("//button[@class='ant-btn css-1odpy5d ant-btn-link ant-btn-color-link ant-btn-variant-link validate-pan-btn display-inline-block grn-common-btn']")

at com.microsoft.playwright.impl.Connection.dispatch(Connection.java:256)
at com.microsoft.playwright.impl.Connection.processOneMessage(Connection.java:211)
at com.microsoft.playwright.impl.ChannelOwner.runUntil(ChannelOwner.java:118)
... 38 more
]]>
            </full-stacktrace>
          </exception> <!-- com.microsoft.playwright.impl.TargetClosedError -->
          <reporter-output>
          </reporter-output>
        </test-method> <!-- hotelbooking -->
        <test-method is-config="true" signature="tearDown()[pri:0, instance:com.qa.neworbit.tests.HotelAlldetailPageTest@55b699ef]" started-at="2025-10-16T15:55:36 IST" name="tearDown" finished-at="2025-10-16T15:55:37 IST" duration-ms="991" status="PASS">
          <reporter-output>
          </reporter-output>
        </test-method> <!-- tearDown -->
      </class> <!-- com.qa.neworbit.tests.HotelAlldetailPageTest -->
    </test> <!-- Default test -->
  </suite> <!-- Default suite -->
</testng-results>
